[16:33:24] [ServerMain/INFO]: Environment: authHost='https://authserver.mojang.com', accountsHost='https://api.mojang.com', sessionHost='https://sessionserver.mojang.com', servicesHost='https://api.minecraftservices.com', name='PROD'
[16:33:25] [ServerMain/INFO]: Loaded 7 recipes
[16:33:25] [Server thread/INFO]: Starting minecraft server version 1.20.1
[16:33:25] [Server thread/INFO]: Loading properties
[16:33:25] [Server thread/INFO]: This server is running Paper version git-Paper-69 (MC: 1.20.1) (Implementing API version 1.20.1-R0.1-SNAPSHOT) (Git: 6b325cd)
[16:33:25] [Server thread/INFO]: Server Ping Player Sample Count: 12
[16:33:25] [Server thread/INFO]: Using 4 threads for Netty based IO
[16:33:26] [Server thread/WARN]: [!] The timings profiler has been enabled but has been scheduled for removal from Paper in the future.
    We recommend installing the spark profiler as a replacement: https://spark.lucko.me/
    For more information please visit: https://github.com/PaperMC/Paper/issues/8948
[16:33:26] [Server thread/INFO]: [ChunkTaskScheduler] Chunk system is using 1 I/O threads, 2 worker threads, and gen parallelism of 2 threads
[16:33:26] [Server thread/INFO]: Default game type: SURVIVAL
[16:33:26] [Server thread/INFO]: Generating keypair
[16:33:26] [Server thread/INFO]: Starting Minecraft server on *:25565
[16:33:26] [Server thread/INFO]: Using default channel type
[16:33:26] [Server thread/INFO]: Paper: Using libdeflate (macOS ARM64 / Apple Silicon) compression from Velocity.
[16:33:26] [Server thread/INFO]: Paper: Using native (macOS ARM64 / Apple Silicon) cipher from Velocity.
[16:33:27] [Server thread/INFO]: [floodgate] Loading server plugin floodgate v2.2.2-SNAPSHOT (b59-2278589)
[16:33:27] [Server thread/WARN]: [floodgate] en_BR is not a supported Floodgate language.
[16:33:27] [Server thread/INFO]: [floodgate] Took 277ms to boot Floodgate
[16:33:27] [Server thread/INFO]: [ViaVersion] Loading server plugin ViaVersion v4.7.0
[16:33:27] [Server thread/INFO]: [ViaVersion] ViaVersion 4.7.0 is now loaded. Registering protocol transformers and injecting...
[16:33:27] [Via-Mappingloader-0/INFO]: [ViaVersion] Loading block connection mappings ...
[16:33:27] [Server thread/INFO]: [ViaBackwards] Loading translations...
[16:33:27] [Server thread/INFO]: [ViaBackwards] Registering protocols...
[16:33:27] [Via-Mappingloader-0/INFO]: [ViaVersion] Using FastUtil Long2ObjectOpenHashMap for block connections
[16:33:27] [Server thread/INFO]: [Geyser-Spigot] Loading server plugin Geyser-Spigot v2.1.2-SNAPSHOT
[16:33:28] [Server thread/INFO]: [Geyser-Spigot] Loading extensions...
[16:33:28] [Server thread/INFO]: [Geyser-Spigot] Loaded 0 extension(s)
[16:33:28] [Server thread/INFO]: [ViaBackwards] Loading server plugin ViaBackwards v4.7.0
[16:33:28] [Server thread/INFO]: Server permissions file permissions.yml is empty, ignoring it
[16:33:28] [Server thread/WARN]: **** SERVER IS RUNNING IN OFFLINE/INSECURE MODE!
[16:33:28] [Server thread/WARN]: The server will make no attempt to authenticate usernames. Beware.
[16:33:28] [Server thread/WARN]: While this makes the game possible to play without internet access, it also opens up the ability for hackers to connect with any username they choose.
[16:33:28] [Server thread/WARN]: To change this, set "online-mode" to "true" in the server.properties file.
[16:33:28] [Server thread/INFO]: Preparing level "world"
[16:33:28] [Server thread/INFO]: Preparing start region for dimension minecraft:overworld
[16:33:28] [Server thread/INFO]: Time elapsed: 126 ms
[16:33:28] [Server thread/INFO]: Preparing start region for dimension minecraft:the_nether
[16:33:28] [Server thread/INFO]: Time elapsed: 23 ms
[16:33:28] [Server thread/INFO]: Preparing start region for dimension minecraft:the_end
[16:33:28] [Server thread/INFO]: Time elapsed: 17 ms
[16:33:28] [Server thread/INFO]: [floodgate] Enabling floodgate v2.2.2-SNAPSHOT (b59-2278589)
[16:33:29] [Server thread/INFO]: [ViaVersion] Enabling ViaVersion v4.7.0
[16:33:29] [Server thread/INFO]: [ViaVersion] ViaVersion detected server version: 1.20 (763)
[16:33:29] [Server thread/INFO]: [Geyser-Spigot] Enabling Geyser-Spigot v2.1.2-SNAPSHOT
[16:33:29] [Server thread/INFO]: [ViaBackwards] Enabling ViaBackwards v4.7.0
[16:33:29] [Server thread/INFO]: [Geyser-Spigot] ******************************************
[16:33:29] [Server thread/INFO]: [Geyser-Spigot] 
[16:33:29] [Server thread/INFO]: [Geyser-Spigot] Loading Geyser version 2.1.2-SNAPSHOT (git-master-6296d4a)
[16:33:29] [Server thread/INFO]: [Geyser-Spigot] 
[16:33:29] [Server thread/INFO]: [Geyser-Spigot] ******************************************
[16:33:33] [KQueueEventLoopGroup-3-1/INFO]: [Geyser-Spigot] Started Geyser on 0.0.0.0:25565
[16:33:33] [Server thread/INFO]: [Geyser-Spigot] Done (4.004s)! Run /geyser help for help!
[16:33:33] [Server thread/INFO]: Running delayed init tasks
[16:33:33] [Craft Scheduler Thread - 2 - ViaVersion/INFO]: [ViaVersion] Finished mapping loading, shutting down loader executor!
[16:33:33] [Server thread/INFO]: Done (7.739s)! For help, type "help"
[16:33:33] [Server thread/INFO]: Timings Reset
[16:33:34] [pool-14-thread-1/WARN]: [floodgate] 
**********************************
* You specified an empty prefix in your Floodgate config for Bedrock players!
* Should a Java player join and a Bedrock player join with the same username, unwanted results and conflicts will happen!
* We strongly recommend using . as the prefix, but other alternatives that will not conflict include: +, - and *
**********************************
[17:48:01] [Server thread/INFO]: Stopping server
[17:48:01] [Server thread/INFO]: [ViaBackwards] Disabling ViaBackwards v4.7.0
[17:48:01] [Server thread/INFO]: [Geyser-Spigot] Disabling Geyser-Spigot v2.1.2-SNAPSHOT
[17:48:01] [Server thread/INFO]: [Geyser-Spigot] Shutting down Geyser.
[17:48:01] [Server thread/INFO]: [Geyser-Spigot] Geyser shutdown successfully.
[17:48:01] [Server thread/INFO]: [ViaVersion] Disabling ViaVersion v4.7.0
[17:48:01] [Server thread/INFO]: [ViaVersion] ViaVersion is disabling, if this is a reload and you experience issues consider rebooting.
[17:48:01] [Server thread/INFO]: [floodgate] Disabling floodgate v2.2.2-SNAPSHOT (b59-2278589)
[17:48:01] [Server thread/INFO]: Saving players
[17:48:01] [Server thread/INFO]: Saving worlds
[17:48:01] [Server thread/INFO]: Saving chunks for level 'ServerLevel[world]'/minecraft:overworld
[17:48:01] [Server thread/INFO]: [ChunkHolderManager] Waiting 60s for chunk system to halt for world 'world'
[17:48:01] [Server thread/INFO]: [ChunkHolderManager] Halted chunk system for world 'world'
[17:48:01] [Server thread/INFO]: [ChunkHolderManager] Saving all chunkholders for world 'world'
[17:48:01] [Server thread/INFO]: [ChunkHolderManager] Saved 0 block chunks, 102 entity chunks, 0 poi chunks in world 'world' in 0.02s
[17:48:01] [WebSocketConnectReadThread-64/INFO]: [Geyser-Spigot] The skin uploader has been closed
[17:48:01] [Server thread/INFO]: ThreadedAnvilChunkStorage (world): All chunks are saved
[17:48:01] [Server thread/INFO]: Saving chunks for level 'ServerLevel[world_nether]'/minecraft:the_nether
[17:48:01] [Server thread/INFO]: [ChunkHolderManager] Waiting 60s for chunk system to halt for world 'world_nether'
[17:48:01] [Server thread/INFO]: [ChunkHolderManager] Halted chunk system for world 'world_nether'
[17:48:01] [Server thread/INFO]: [ChunkHolderManager] Saving all chunkholders for world 'world_nether'
[17:48:01] [Server thread/INFO]: [ChunkHolderManager] Saved 0 block chunks, 18 entity chunks, 0 poi chunks in world 'world_nether' in 0.01s
[17:48:01] [Server thread/INFO]: ThreadedAnvilChunkStorage (DIM-1): All chunks are saved
[17:48:01] [Server thread/INFO]: Saving chunks for level 'ServerLevel[world_the_end]'/minecraft:the_end
[17:48:01] [Server thread/INFO]: [ChunkHolderManager] Waiting 60s for chunk system to halt for world 'world_the_end'
[17:48:01] [Server thread/INFO]: [ChunkHolderManager] Halted chunk system for world 'world_the_end'
[17:48:01] [Server thread/INFO]: [ChunkHolderManager] Saving all chunkholders for world 'world_the_end'
[17:48:01] [Server thread/INFO]: [ChunkHolderManager] Saved 10 block chunks, 10 entity chunks, 0 poi chunks in world 'world_the_end' in 0.01s
[17:48:01] [Server thread/INFO]: ThreadedAnvilChunkStorage (DIM1): All chunks are saved
[17:48:01] [Server thread/INFO]: ThreadedAnvilChunkStorage: All dimensions are saved
[17:48:01] [Server thread/INFO]: Flushing Chunk IO
[17:48:01] [Server thread/INFO]: Closing Thread Pool
[17:48:01] [Server thread/INFO]: Closing Server
